<testsuites name="results">
  <testsuite name="all" package="all">
    <property name="random_seed" value="1764859512" />
    <testcase name="test_main_core_full_flow" classname="test_main_core" file="/home/phiph/Repositories/ICDesignVerilog/cocotb_sim/test_main_core.py" lineno="254" time="1.1183865070343018" sim_time_ns="500300.0" ratio_time="447340.87621163996">
      <failure error_type="AssertionError" error_msg="Door did not unlock. Authentication failed or stuck.&#10;assert False" />
    </testcase>
  </testsuite>
</testsuites>